<?xml version="1.0" encoding="UTF-8"?>
<testsuite name="uitests.tasks.AddNewDesinfectionTaskTest" tests="10" skipped="0" failures="0" errors="0" timestamp="2024-10-23T16:35:48" hostname="WIN-3RAHDNDFC19" time="173.477">
  <properties/>
  <testcase name="RAT-2489 Создание задания по дезинфекции" classname="uitests.tasks.AddNewDesinfectionTaskTest" time="43.304"/>
  <testcase name="RAT-2498 Отправка задания по дезинфекции" classname="uitests.tasks.AddNewDesinfectionTaskTest" time="5.657"/>
  <testcase name="RAT-2445 Получение задания по дезинфекции" classname="uitests.tasks.AddNewDesinfectionTaskTest" time="18.132"/>
  <testcase name="RAT-2446 Просмотр карточки задания по дезинфекции" classname="uitests.tasks.AddNewDesinfectionTaskTest" time="4.194"/>
  <testcase name="RAT-2456 Принятие задания по дезинфекции" classname="uitests.tasks.AddNewDesinfectionTaskTest" time="5.358"/>
  <testcase name="RAT-2463 Создание описи по обработке" classname="uitests.tasks.AddNewDesinfectionTaskTest" time="5.385"/>
  <testcase name="RAT-2470 Настройка препарата" classname="uitests.tasks.AddNewDesinfectionTaskTest" time="37.751"/>
  <testcase name="RAT-2484 Формирование предварительного акта" classname="uitests.tasks.AddNewDesinfectionTaskTest" time="20.952"/>
  <testcase name="RAT-2486 Формирование окончательного акта" classname="uitests.tasks.AddNewDesinfectionTaskTest" time="16.977"/>
  <testcase name="RAT-2479 Выполнение описи с 1 препаратом" classname="uitests.tasks.AddNewDesinfectionTaskTest" time="15.59"/>
  <system-out><![CDATA[Request method:	POST
Request URI:	https://v3.dev.regagro.ru/login
Proxy:			<none>
Request params:	<none>
Query params:	<none>
Form params:	<none>
Path params:	<none>
Headers:		X-Csrf-Token=XTyUclgaWCvaBLyEhPRYIyKx7GfXyVKq297NOXdH
				Accept=*/*
				Content-Type=application/json
Cookies:		XSRF-TOKEN=eyJpdiI6IlFhdExXN3M1a2w5Kzg1ZGJHT3JtR1E9PSIsInZhbHVlIjoiRUsxUEN3ZWxQemNYZVVnSTkzL3ZEL2U1YXdnOFdDRmpWdExLZjFDbU8xUDVBT1l0WkNPRHBWTGROaHpzY3llOXBabTVMdjJhbVluWk8wMEJVSEcya3dLRlc2aENYMkNhZG5aYm5RN2lkVmw4MnlpeU5aMXFRKzZNZFM2Q1BXUzMiLCJtYWMiOiI1YjE4NGFmOTVhYzY0NGQxN2E2ODRkMzExOWZmYzViZGEyN2NmMTg3MWJkOTFlNzZlMGE3NzhjYmZkOTY0MTJlIiwidGFnIjoiIn0%3D
				laravel_session=eyJpdiI6ImpqSFJ2a0FBSWcrK0Nrc3cyd1BGU0E9PSIsInZhbHVlIjoicmc1NFY4Y0xGZ09zQkNsOThrYjdoSGNnRTQxMkhYVkM2Z0o5Tk1BU2pVZjhDUENEV1Y3bmdBZ1JwL013M254Mjh2SEoydUg3RDVCM1NZZXZGVm5RN0RPSlNUNVM3bHJaVjIyRUdPdmRVTVo1ZzBNZllPNHpsNDVqN2F4ZjQvRkciLCJtYWMiOiI3YjE5YWZhYjgxZDU0OGZkODUxN2Y5NWQ2YmM3ZmQyMTVlZmM1MTZmYmM0Njg2YmZiOWZmZTAxMTBhOWQyZDU1IiwidGFnIjoiIn0%3D
Multiparts:		<none>
Body:
{
    "email": "gabriella.schuster@hotmail.com",
    "password": "33221100"
}
]]></system-out>
  <system-err><![CDATA[]]></system-err>
</testsuite>
