<?xml version="1.0" encoding="UTF-8"?>
<testsuite name="uitests.registration.RegistrationAnimalGroupPigTest" tests="1" skipped="0" failures="0" errors="0" timestamp="2024-10-23T13:29:00" hostname="WIN-3RAHDNDFC19" time="21.263">
  <properties/>
  <testcase name="RAT-1948 Регистрация группы животных (свиньи)" classname="uitests.registration.RegistrationAnimalGroupPigTest" time="21.263"/>
  <system-out><![CDATA[Request method:	POST
Request URI:	https://v3.dev.regagro.ru/login
Proxy:			<none>
Request params:	<none>
Query params:	<none>
Form params:	<none>
Path params:	<none>
Headers:		X-Csrf-Token=nEM3nhqhM6VqWBHYzqrfGZdmWeLA4VHBmZ5V98Zk
				Accept=*/*
				Content-Type=application/json
Cookies:		XSRF-TOKEN=eyJpdiI6Ik9DY250ckpYU0tTTzlBb3ZIRVhiQ1E9PSIsInZhbHVlIjoidW1zWFdVbVRJV0J4enlGTGVqeDhvV3FUemFJNTBjWnNZQ0JKaDFrSS8vckxuYVBEVVhDZ2t0QnpMMGtCTEZlUGxjVG5rWGxOUDhoaXRUR1lUTW1YSExWeVAyU2FkWkE2S0VKU2c0UDdtMGNjWUk1Y01TUCt5VEVOREJlOGRRNUsiLCJtYWMiOiIzZDJkMzAwOTAwZGE0MWU2NjlhODMzODMzZjY5NzIwZDlhZjA0ZGQyYWM0M2MxZGViMDM3NGJhNWRiODQ4NThmIiwidGFnIjoiIn0%3D
				laravel_session=eyJpdiI6IkxxTXcreXpOdW53M1VGVVo0bnRmK2c9PSIsInZhbHVlIjoiNFN0d09KYkVvOHdOZVVSQmNsUjB3RFMwUDIrY3lvWlBhY1RKaks4Nm13cmxocWExdUI5amRFMjIwb2Z0MzBqUTloSERSTExFTVNHRS9rRGNxRjNrTy9oREtHdCtHMHpXVmpzUW9vajJrdDhHeW5FUmVFaGFieWNxY093TU5qM0EiLCJtYWMiOiI0ZTFiMGRmZTdmNTM2Y2Y3MzNiMjVmNDNhOWE2YjRiZDg4N2E4NWM0ZmJmNTlmOGJkNDlmZjA4OGI1MjJjNDRmIiwidGFnIjoiIn0%3D
Multiparts:		<none>
Body:
{
    "email": "kam@kam.kam",
    "password": "33221100"
}
]]></system-out>
  <system-err><![CDATA[]]></system-err>
</testsuite>
