<?xml version="1.0" encoding="UTF-8"?>
<testsuite name="uitests.general.SearchAnimalByNumberTest" tests="1" skipped="0" failures="0" errors="0" timestamp="2024-10-23T13:28:30" hostname="WIN-3RAHDNDFC19" time="14.589">
  <properties/>
  <testcase name="RAT-2691 Поиск животного по номеру" classname="uitests.general.SearchAnimalByNumberTest" time="14.589"/>
  <system-out><![CDATA[Request method:	POST
Request URI:	https://v3.dev.regagro.ru/login
Proxy:			<none>
Request params:	<none>
Query params:	<none>
Form params:	<none>
Path params:	<none>
Headers:		X-Csrf-Token=7c3dMJwuZvR3PwvWi8CzBRoCWmI66KDSfQ27jScm
				Accept=*/*
				Content-Type=application/json
Cookies:		XSRF-TOKEN=eyJpdiI6IlFUT1p6bEVYVkNPZmswWVBaaEhjV3c9PSIsInZhbHVlIjoieVp5ZFE1bmo3cDJYdjIvL3JyNlVHL2dTdm1OL3RwOXdDTzczSVhZc0VQMHAwdHJndlF5YWpTWkhoQWlMN080UlgxWVRLUXFWcWhmdGxFbllJZ3VScms0ZklqL3F6aCtmOSs3aE5qOHoyOXVVSnNNTHRuOENlRUxvWGNKZGNxWFkiLCJtYWMiOiIzODgxYTY4OTdhYzQ4ZmRlODU5ZDdkYjQwMmYzNjgxYTBjYWNkOTU5YzAxMGQ3YzkyNmYyYzQwNmY0ZmVkMzI4IiwidGFnIjoiIn0%3D
				laravel_session=eyJpdiI6IjFYMkZSQ1ltVXJWUGxBYm85Vjk0Nnc9PSIsInZhbHVlIjoiNWJZSnluWkxGY01Yb2c0RkRMQXJBaXdUUTlvdWhSQXRYZGxpdFI3dVUzVUtybmNBZkxPVm9xSzZ2eGx6WTBxTjJaTHZOa1QzVlRvc2FoRWZZVVQrNmk1WDF6emdsTWtNSHZ1VWwrZ0RpRzRQbGJwUitIYlI5M2xqVDBQZWJINmUiLCJtYWMiOiI1NmJlMTdiNGU5N2IyMjkxZTJkODQyODk0ODljN2Y0Njg4ZTBiODM5MDVkNTg5ZmE2ZjEzOGUxY2Q3YTFiYmE3IiwidGFnIjoiIn0%3D
Multiparts:		<none>
Body:
{
    "email": "admin@regagro.net",
    "password": "44qsaTeF@p8I"
}
]]></system-out>
  <system-err><![CDATA[]]></system-err>
</testsuite>
