<?xml version="1.0" encoding="UTF-8"?>
<testsuite name="uitests.disposal.DisposalFromAnimalPassportTest" tests="1" skipped="0" failures="0" errors="0" timestamp="2024-10-23T13:24:59" hostname="WIN-3RAHDNDFC19" time="34.649">
  <properties/>
  <testcase name="Выбытие из Паспорта животного" classname="uitests.disposal.DisposalFromAnimalPassportTest" time="34.649"/>
  <system-out><![CDATA[Request method:	POST
Request URI:	https://v3.dev.regagro.ru/login
Proxy:			<none>
Request params:	<none>
Query params:	<none>
Form params:	<none>
Path params:	<none>
Headers:		X-Csrf-Token=Arf73oZS2rp2OEMFFFB9ySySQEeJhCFVsqzrDJEL
				Accept=*/*
				Content-Type=application/json
Cookies:		XSRF-TOKEN=eyJpdiI6ImFWakpUMGxBWWVTMGgzcno3dGpjOHc9PSIsInZhbHVlIjoiY29hdkM2b3V6Z3JmLzFONkx4TkIvempINmlENEliYzlTekRJMzU4RXpKdGRvNUM0Yi9SZXBGSjBFb1dFVTdqUCtscEtrd3pYeUU5ckl6VW9Jd3UwcjQydldGSnZNUDBiM1ZzLzZoeTFhcngvRy95WUZvcFYxSmg0ZjMrbEVQTmEiLCJtYWMiOiIxZTQzOTE3NDhkNjUwZDc3MmVjMzQ4OWQ1YjkwMjJjZmUyM2ZkYzUwZjFlMzBhODBhYThiM2U2Mzc2YjI4YmNjIiwidGFnIjoiIn0%3D
				laravel_session=eyJpdiI6IlVsL2NmTVl5cmNYcGs4NGNoVHpzNWc9PSIsInZhbHVlIjoiRitGbDFzdk5yN00wTHRxUGYrUUpVeG1XZ3B2bVdSVmE0ekt3dWh0R1VIMmF6dXZGT0lVV1QweCtrVGhMc3RSWkx0Q2xVelRUYnl3Tk9kR296UlpVSHkvK3ViQk5GRVVaRytwRnJhYnphK2lJWklvRVJsbXRtN0JXSUc0bnYxZkUiLCJtYWMiOiJkNjU5YTc4ZGQ4NzMyOGMyYTYyNmNjZDA5NGQzOWU3ZGJhM2I3NmI5ZTJjMDNiM2RkNTdjMWVkOGI5NmU5YjYzIiwidGFnIjoiIn0%3D
Multiparts:		<none>
Body:
{
    "email": "cheh@p.v",
    "password": "33221100"
}
]]></system-out>
  <system-err><![CDATA[]]></system-err>
</testsuite>
