<?xml version="1.0" encoding="UTF-8"?>
<testsuite name="uitests.registration.RegistrationBeesGroupTest" tests="1" skipped="0" failures="0" errors="0" timestamp="2024-10-23T13:29:37" hostname="WIN-3RAHDNDFC19" time="32.452">
  <properties/>
  <testcase name="RAT-919 Регистрация пасеки" classname="uitests.registration.RegistrationBeesGroupTest" time="32.452"/>
  <system-out><![CDATA[Request method:	POST
Request URI:	https://v3.dev.regagro.ru/login
Proxy:			<none>
Request params:	<none>
Query params:	<none>
Form params:	<none>
Path params:	<none>
Headers:		X-Csrf-Token=St4zrKss6SkI6ip7kbRboUgzlb7YbDkBevd9CZ4X
				Accept=*/*
				Content-Type=application/json
Cookies:		XSRF-TOKEN=eyJpdiI6IlB0emFvdU56VFd4MzFnU0J6VGhXVUE9PSIsInZhbHVlIjoiVHJrZ1hvQzEyN0FJNm9zaE9YZW9BclN2QnpSWXRrcXZkQm5qYjdVVkZyeS9FaHJrNGNvSEVPZExkeTQ1MVhjSE8zSHBiMEFlN2I3dERVQmFDd2JNWVpFRWdMTkFlUzdHbldrbWVSc2dyZUx0bTJhZXVFVXpFZlBDbW1iNXk3amsiLCJtYWMiOiI4NmY5OTVlYzE0NGUyNGQ1MDUwNzVmMTVlZmYwYTRkMzZlNWEyNTc3MzlhMGMyOGQ2YThhNjAwNzI5Yjc0NmE3IiwidGFnIjoiIn0%3D
				laravel_session=eyJpdiI6IlZXdlVPY3d5WHZjVFQ0bDNIWkJOdFE9PSIsInZhbHVlIjoieUZsREIwOU8xNXQxeXphREhWTW5wWFU4U0lGWnptU1UxQzZ1Z2hRam16N2NxY09sZVZTZFpKd0hRZkpobTdwQWl5VWowanAwc2EybGltem82TFpOOXlwc3hpQ3llTXdtYWp6YThvWk9TZlhwSDJnOUpRbnAzWVlWME1vUnV5eVIiLCJtYWMiOiJmOTI3YTBiODRmYTY5Njk3NzMzMjQ0M2QyOTk1YTU0MDY5NmEyNjJkODRkOWFhNDE3YTAzOTNlMjIwNDExOTFiIiwidGFnIjoiIn0%3D
Multiparts:		<none>
Body:
{
    "email": "kam@kam.kam",
    "password": "33221100"
}
]]></system-out>
  <system-err><![CDATA[]]></system-err>
</testsuite>
