<?xml version="1.0" encoding="UTF-8"?>
<testsuite name="uitests.registration.RegistrationSupervisedObjectTest" tests="3" skipped="0" failures="0" errors="0" timestamp="2024-10-23T18:57:40" hostname="WIN-3RAHDNDFC19" time="39.856">
  <properties/>
  <testcase name="RAT-2669 Регистрация объекта" classname="uitests.registration.RegistrationSupervisedObjectTest" time="16.016"/>
  <testcase name="RAT-2712 Редактирование объекта" classname="uitests.registration.RegistrationSupervisedObjectTest" time="11.135"/>
  <testcase name="RAT-3290 Удаление объекта" classname="uitests.registration.RegistrationSupervisedObjectTest" time="11.717"/>
  <system-out><![CDATA[Request method:	POST
Request URI:	https://v3.dev.regagro.ru/login
Proxy:			<none>
Request params:	<none>
Query params:	<none>
Form params:	<none>
Path params:	<none>
Headers:		X-Csrf-Token=BwF1j4S6VFrFPEgeqZDCMEv4sngGHjZZx5TotsKp
				Accept=*/*
				Content-Type=application/json
Cookies:		XSRF-TOKEN=eyJpdiI6IitPREdVTzN0WDZma1k0b0FZNlZ4clE9PSIsInZhbHVlIjoiWjNBK1BpWVB1cFhXUkFWUFRsMEdOaE5taHZwZVBYVUdiaU1oNC9BQWw0a3ljS3N3V0VLcllLSjFhZk45cEVqWE1GeWt2aThPR3h0YXBxOXNaUllxMzZ2NVl5WU5XSFNZZUJIZUxFa2Q2STBNSWsyQXFVNlNGS1pKRXdEK3kzYkgiLCJtYWMiOiIxZjBjYmRmNGUwMTgxYzhlNzMyZTRlMDA2NjE3NzYwYTc3NmJiM2Y4ZTkzMjkwNzAzY2YzZjE5ZDQwODZhODY5IiwidGFnIjoiIn0%3D
				laravel_session=eyJpdiI6IlgxNzBneS9oSW1zNGxJU1NhcXdwdmc9PSIsInZhbHVlIjoiMVZIOGpOYjk0UnMxcVMrdGRUS29KaW9KVHRjYXVGTkRkY25VTFpnOXh1enN3R1lPVElmNUltNlJRdGRkS3JQYnV6TTN2UWorMGRHVWR2S2h5d1BNZ2tYWmFTRGlKSHlBS3Q4UzNhcGlIY0tveTBKY0xSZUNIbW9zVUxWVlVHWlMiLCJtYWMiOiI4YTcwY2YwYzVlZjA1YjRlYTAzY2NkNWRiMDJjNGQyNWU2NmIyYWYyMzliMDA5YWMzYjFkZTcyNTg0YWU3NjJlIiwidGFnIjoiIn0%3D
Multiparts:		<none>
Body:
{
    "email": "kam@kam.kam",
    "password": "33221100"
}
]]></system-out>
  <system-err><![CDATA[]]></system-err>
</testsuite>
