<?xml version="1.0" encoding="UTF-8"?>
<testsuite name="uitests.general.SearchAnimalByNumberTest" tests="1" skipped="0" failures="0" errors="0" timestamp="2024-10-23T22:18:28" hostname="WIN-3RAHDNDFC19" time="14.883">
  <properties/>
  <testcase name="RAT-2691 Поиск животного по номеру" classname="uitests.general.SearchAnimalByNumberTest" time="14.883"/>
  <system-out><![CDATA[Request method:	POST
Request URI:	https://v3.dev.regagro.ru/login
Proxy:			<none>
Request params:	<none>
Query params:	<none>
Form params:	<none>
Path params:	<none>
Headers:		X-Csrf-Token=m2kgPnvm3lsa8HH9WmkTzhtE1fLbD6ui4qTSC55O
				Accept=*/*
				Content-Type=application/json
Cookies:		XSRF-TOKEN=eyJpdiI6ImozQjhmWWZXZzJNZ3NTOUhGMHBOS3c9PSIsInZhbHVlIjoiekxaWDJOemcrbFFvR0dRbUVFYS9lSGdBMVpWWHV6azA5eEdFZGNxbUZKc3FiS2VDdjNjNWJZek5SSklkbGphNnhPUm54dkNQbGNlcmMxdDFZeGE2ZzE3eWwwa0hhWlJ5a1I4NWpCQ3cwVzlBY29rV3o2UE85TFZ6NE5SRnlWMmgiLCJtYWMiOiJmN2I0ZmFjNjJiYTBmYjcxMjc2OGI1NmYwMjcyMTg1MjliODFkODg0YzVlYmFkMWY5MDcxNDg3NzlmYmY3NzM0IiwidGFnIjoiIn0%3D
				laravel_session=eyJpdiI6Im9MdDYyTm1ZTzZHMGJhc1VlYnBGZ3c9PSIsInZhbHVlIjoiNjlrTkZqaE9FckNHVThqTFRvZ1hNdk5adDdVSmw1NzVHSEx0UkgyK256bkpzUzVZd1c0N0hmak5DK01UbkNhZnBYbUVwWXR3bGhXM0dLd2pITytQVktSU2s5aUlLTnpMTEZncVlSNjR4bmZBOGNtMk42UmZlazRodVRZOUVYaGQiLCJtYWMiOiI0ZDAyNzQ3YThjOWRkZjI5NWY5NDAxNWRiM2Y1OWZhOThlYjZjZmY1ZjNiOWFhMTc1YjViMzk1NWVhMWZmMDU0IiwidGFnIjoiIn0%3D
Multiparts:		<none>
Body:
{
    "email": "admin@regagro.net",
    "password": "44qsaTeF@p8I"
}
]]></system-out>
  <system-err><![CDATA[]]></system-err>
</testsuite>
